2025-07-25 17:54:23,338 - INFO - === TESTE INICIAL ===
2025-07-25 17:54:23,338 - INFO - URL a ser monitorada: https://www.google.com
2025-07-25 17:54:23,339 - INFO - E-mail remetente: dorvalalbert@gmail.com
2025-07-25 17:54:23,339 - INFO - E-mail destinat·rio: albertt3d@gmail.com
2025-07-25 17:54:23,339 - INFO - Verificando site: https://www.google.com
2025-07-25 17:54:23,663 - INFO - Site https://www.google.com est· online (Status Code: 200)
2025-07-25 17:56:12,382 - INFO - === FIM DO TESTE ===

2025-07-25 17:56:12,383 - INFO - Monitor iniciado. Verificando a cada 5 minutos...
2025-07-25 17:56:12,383 - INFO - Pressione Ctrl+C para parar
2025-07-25 17:56:46,468 - INFO - === TESTE INICIAL ===
2025-07-25 17:56:46,468 - INFO - URL a ser monitorada: https://www.google.com
2025-07-25 17:56:46,469 - INFO - E-mail remetente: dorvalalbert@gmail.com
2025-07-25 17:56:46,469 - INFO - E-mail destinat√°rio: albertt3d@gmail.com
2025-07-25 17:56:46,469 - INFO - Verificando site: https://www.google.com
2025-07-25 17:56:46,776 - INFO - Site https://www.google.com est√° online (Status Code: 200)
2025-07-25 17:56:46,776 - INFO - [OK] Teste de conex√£o com o site: SUCESSO
2025-07-25 17:56:55,543 - INFO - Testando envio de e-mail...
2025-07-25 17:56:59,123 - INFO - E-mail de alerta enviado com sucesso!
2025-07-25 17:56:59,123 - INFO - === FIM DO TESTE ===

2025-07-25 17:56:59,123 - INFO - Monitor iniciado. Verificando a cada 5 minutos...
2025-07-25 17:56:59,124 - INFO - Pressione Ctrl+C para parar
2025-07-25 17:58:55,935 - INFO - Monitor interrompido pelo usu√°rio
2025-07-25 17:58:57,817 - INFO - === TESTE INICIAL ===
2025-07-25 17:58:57,817 - INFO - URL a ser monitorada: https://www.google.com
2025-07-25 17:58:57,817 - INFO - E-mail remetente: dorvalalbert@gmail.com
2025-07-25 17:58:57,817 - INFO - E-mail destinat√°rio: albertt3d@gmail.com
2025-07-25 17:58:57,817 - INFO - Verificando site: https://www.google.com
2025-07-25 17:58:58,163 - INFO - Site https://www.google.com est√° online (Status Code: 200)
2025-07-25 17:58:58,164 - INFO - [OK] Teste de conex√£o com o site: SUCESSO
2025-07-25 17:58:59,840 - INFO - Testando envio de e-mail...
2025-07-25 17:59:03,684 - INFO - E-mail enviado com sucesso!
2025-07-25 17:59:03,685 - INFO - === FIM DO TESTE ===

2025-07-25 17:59:03,685 - INFO - Monitor iniciado. Verificando a cada 5 minutos...
2025-07-25 17:59:03,685 - INFO - Pressione Ctrl+C para parar
2025-07-25 18:04:03,687 - INFO - Verificando site: https://www.google.com
2025-07-25 18:04:03,993 - INFO - Site https://www.google.com est√° online (Status Code: 200)
2025-07-25 18:05:10,840 - INFO - Monitor interrompido pelo usu√°rio
